# JRE version: Java(TM) SE Runtime Environment (8.0_144-b01) (build 1.8.0_144-b01)
# Java VM: Java HotSpot(TM) 64-Bit Server VM (25.144-b01 mixed mode windows-amd64 compressed oops)
Heap:
 PSYoungGen      total 251392K, used 134964K [0x00000000d5d80000, 0x00000000e5f80000, 0x0000000100000000)
  eden space 241664K, 51% used [0x00000000d5d80000,0x00000000dd7cf088,0x00000000e4980000)
  from space 9728K, 99% used [0x00000000e5600000,0x00000000e5f7df78,0x00000000e5f80000)
  to   space 10752K, 0% used [0x00000000e4a80000,0x00000000e4a80000,0x00000000e5500000)
 ParOldGen       total 49664K, used 31786K [0x0000000081800000, 0x0000000084880000, 0x00000000d5d80000)
  object space 49664K, 64% used [0x0000000081800000,0x000000008370ab00,0x0000000084880000)
 Metaspace       used 50052K, capacity 52959K, committed 53248K, reserved 1095680K
  class space    used 7063K, capacity 7586K, committed 7680K, reserved 1048576K
GC Heap History (10 events):
Event: 14.024 GC heap before
{Heap before GC invocations=8 (full 1):
 PSYoungGen      total 142848K, used 133120K [0x00000000d5d80000, 0x00000000df280000, 0x0000000100000000)
  eden space 133120K, 100% used [0x00000000d5d80000,0x00000000ddf80000,0x00000000ddf80000)
  from space 9728K, 0% used [0x00000000de900000,0x00000000de900000,0x00000000df280000)
  to   space 9728K, 0% used [0x00000000ddf80000,0x00000000ddf80000,0x00000000de900000)
 ParOldGen       total 49664K, used 7298K [0x0000000081800000, 0x0000000084880000, 0x00000000d5d80000)
  object space 49664K, 14% used [0x0000000081800000,0x0000000081f20950,0x0000000084880000)
 Metaspace       used 24414K, capacity 25506K, committed 25600K, reserved 1071104K
  class space    used 3299K, capacity 3534K, committed 3584K, reserved 1048576K
Event: 14.040 GC heap after
Heap after GC invocations=8 (full 1):
 PSYoungGen      total 142848K, used 7180K [0x00000000d5d80000, 0x00000000e5f80000, 0x0000000100000000)
  eden space 133120K, 0% used [0x00000000d5d80000,0x00000000d5d80000,0x00000000ddf80000)
  from space 9728K, 73% used [0x00000000ddf80000,0x00000000de683290,0x00000000de900000)
  to   space 9728K, 0% used [0x00000000e5600000,0x00000000e5600000,0x00000000e5f80000)
 ParOldGen       total 49664K, used 7298K [0x0000000081800000, 0x0000000084880000, 0x00000000d5d80000)
  object space 49664K, 14% used [0x0000000081800000,0x0000000081f20950,0x0000000084880000)
 Metaspace       used 24414K, capacity 25506K, committed 25600K, reserved 1071104K
  class space    used 3299K, capacity 3534K, committed 3584K, reserved 1048576K
}
Event: 16.615 GC heap before
{Heap before GC invocations=9 (full 1):
 PSYoungGen      total 142848K, used 140300K [0x00000000d5d80000, 0x00000000e5f80000, 0x0000000100000000)
  eden space 133120K, 100% used [0x00000000d5d80000,0x00000000ddf80000,0x00000000ddf80000)
  from space 9728K, 73% used [0x00000000ddf80000,0x00000000de683290,0x00000000de900000)
  to   space 9728K, 0% used [0x00000000e5600000,0x00000000e5600000,0x00000000e5f80000)
 ParOldGen       total 49664K, used 7298K [0x0000000081800000, 0x0000000084880000, 0x00000000d5d80000)
  object space 49664K, 14% used [0x0000000081800000,0x0000000081f20950,0x0000000084880000)
 Metaspace       used 28047K, capacity 29276K, committed 29568K, reserved 1075200K
  class space    used 3844K, capacity 4097K, committed 4224K, reserved 1048576K
Event: 16.636 GC heap after
Heap after GC invocations=9 (full 1):
 PSYoungGen      total 251392K, used 9719K [0x00000000d5d80000, 0x00000000e5f80000, 0x0000000100000000)
  eden space 241664K, 0% used [0x00000000d5d80000,0x00000000d5d80000,0x00000000e4980000)
  from space 9728K, 99% used [0x00000000e5600000,0x00000000e5f7df68,0x00000000e5f80000)
  to   space 10752K, 0% used [0x00000000e4a80000,0x00000000e4a80000,0x00000000e5500000)
 ParOldGen       total 49664K, used 7552K [0x0000000081800000, 0x0000000084880000, 0x00000000d5d80000)
  object space 49664K, 15% used [0x0000000081800000,0x0000000081f60308,0x0000000084880000)
 Metaspace       used 28047K, capacity 29276K, committed 29568K, reserved 1075200K
  class space    used 3844K, capacity 4097K, committed 4224K, reserved 1048576K
}
Event: 19.510 GC heap before
{Heap before GC invocations=10 (full 1):
 PSYoungGen      total 251392K, used 188929K [0x00000000d5d80000, 0x00000000e5f80000, 0x0000000100000000)
  eden space 241664K, 74% used [0x00000000d5d80000,0x00000000e0c826f0,0x00000000e4980000)
  from space 9728K, 99% used [0x00000000e5600000,0x00000000e5f7df68,0x00000000e5f80000)
  to   space 10752K, 0% used [0x00000000e4a80000,0x00000000e4a80000,0x00000000e5500000)
 ParOldGen       total 49664K, used 7552K [0x0000000081800000, 0x0000000084880000, 0x00000000d5d80000)
  object space 49664K, 15% used [0x0000000081800000,0x0000000081f60308,0x0000000084880000)
 Metaspace       used 33504K, capacity 35398K, committed 35456K, reserved 1079296K
  class space    used 4592K, capacity 4973K, committed 4992K, reserved 1048576K
Event: 19.544 GC heap after
Heap after GC invocations=10 (full 1):
 PSYoungGen      total 252416K, used 10738K [0x00000000d5d80000, 0x00000000e5f80000, 0x0000000100000000)
  eden space 241664K, 0% used [0x00000000d5d80000,0x00000000d5d80000,0x00000000e4980000)
  from space 10752K, 99% used [0x00000000e4a80000,0x00000000e54fc880,0x00000000e5500000)
  to   space 9728K, 0% used [0x00000000e5600000,0x00000000e5600000,0x00000000e5f80000)
 ParOldGen       total 49664K, used 15775K [0x0000000081800000, 0x0000000084880000, 0x00000000d5d80000)
  object space 49664K, 31% used [0x0000000081800000,0x0000000082767e30,0x0000000084880000)
 Metaspace       used 33504K, capacity 35398K, committed 35456K, reserved 1079296K
  class space    used 4592K, capacity 4973K, committed 4992K, reserved 1048576K
}
Event: 19.544 GC heap before
{Heap before GC invocations=11 (full 2):
 PSYoungGen      total 252416K, used 10738K [0x00000000d5d80000, 0x00000000e5f80000, 0x0000000100000000)
  eden space 241664K, 0% used [0x00000000d5d80000,0x00000000d5d80000,0x00000000e4980000)
  from space 10752K, 99% used [0x00000000e4a80000,0x00000000e54fc880,0x00000000e5500000)
  to   space 9728K, 0% used [0x00000000e5600000,0x00000000e5600000,0x00000000e5f80000)
 ParOldGen       total 49664K, used 15775K [0x0000000081800000, 0x0000000084880000, 0x00000000d5d80000)
  object space 49664K, 31% used [0x0000000081800000,0x0000000082767e30,0x0000000084880000)
 Metaspace       used 33504K, capacity 35398K, committed 35456K, reserved 1079296K
  class space    used 4592K, capacity 4973K, committed 4992K, reserved 1048576K
Event: 19.694 GC heap after
Heap after GC invocations=11 (full 2):
 PSYoungGen      total 252416K, used 0K [0x00000000d5d80000, 0x00000000e5f80000, 0x0000000100000000)
  eden space 241664K, 0% used [0x00000000d5d80000,0x00000000d5d80000,0x00000000e4980000)
  from space 10752K, 0% used [0x00000000e4a80000,0x00000000e4a80000,0x00000000e5500000)
  to   space 9728K, 0% used [0x00000000e5600000,0x00000000e5600000,0x00000000e5f80000)
 ParOldGen       total 49664K, used 23691K [0x0000000081800000, 0x0000000084880000, 0x00000000d5d80000)
  object space 49664K, 47% used [0x0000000081800000,0x0000000082f22cb0,0x0000000084880000)
 Metaspace       used 33504K, capacity 35398K, committed 35456K, reserved 1079296K
  class space    used 4592K, capacity 4973K, committed 4992K, reserved 1048576K
}
Event: 33.387 GC heap before
{Heap before GC invocations=12 (full 2):
 PSYoungGen      total 252416K, used 241664K [0x00000000d5d80000, 0x00000000e5f80000, 0x0000000100000000)
  eden space 241664K, 100% used [0x00000000d5d80000,0x00000000e4980000,0x00000000e4980000)
  from space 10752K, 0% used [0x00000000e4a80000,0x00000000e4a80000,0x00000000e5500000)
  to   space 9728K, 0% used [0x00000000e5600000,0x00000000e5600000,0x00000000e5f80000)
 ParOldGen       total 49664K, used 23691K [0x0000000081800000, 0x0000000084880000, 0x00000000d5d80000)
  object space 49664K, 47% used [0x0000000081800000,0x0000000082f22cb0,0x0000000084880000)
 Metaspace       used 44807K, capacity 47382K, committed 47488K, reserved 1089536K
  class space    used 6314K, capacity 6761K, committed 6784K, reserved 1048576K
Event: 33.408 GC heap after
Heap after GC invocations=12 (full 2):
 PSYoungGen      total 251392K, used 9719K [0x00000000d5d80000, 0x00000000e5f80000, 0x0000000100000000)
  eden space 241664K, 0% used [0x00000000d5d80000,0x00000000d5d80000,0x00000000e4980000)
  from space 9728K, 99% used [0x00000000e5600000,0x00000000e5f7df78,0x00000000e5f80000)
  to   space 10752K, 0% used [0x00000000e4a80000,0x00000000e4a80000,0x00000000e5500000)
 ParOldGen       total 49664K, used 31786K [0x0000000081800000, 0x0000000084880000, 0x00000000d5d80000)
  object space 49664K, 64% used [0x0000000081800000,0x000000008370ab00,0x0000000084880000)
 Metaspace       used 44807K, capacity 47382K, committed 47488K, reserved 1089536K
  class space    used 6314K, capacity 6761K, committed 6784K, reserved 1048576K
}

